This is pdfTeX, Version 3.141592653-2.6-1.40.25 (TeX Live 2023/Debian) (preloaded format=pdflatex 2025.2.21)  6 JAN 2026 16:54
entering extended mode
 restricted \write18 enabled.
 %&-line parsing enabled.
**slides.tex
(./slides.tex
LaTeX2e <2023-06-01>
L3 programming layer <2023-06-05>
(/usr/share/texlive/texmf-dist/tex/latex/beamer/beamer.cls
Document Class: beamer 2023/05/15 v3.70 A class for typesetting presentations
(/usr/share/texlive/texmf-dist/tex/latex/beamer/beamerbasemodes.sty
(/usr/share/texlive/texmf-dist/tex/latex/etoolbox/etoolbox.sty
Package: etoolbox 2020/10/05 v2.5k e-TeX tools for LaTeX (JAW)
\etb@tempcnta=\count185
)
\beamer@tempbox=\box51
\beamer@tempcount=\count186
\c@beamerpauses=\count187

(/usr/share/texlive/texmf-dist/tex/latex/beamer/beamerbasedecode.sty
\beamer@slideinframe=\count188
\beamer@minimum=\count189
\beamer@decode@box=\box52
)
\beamer@commentbox=\box53
\beamer@modecount=\count190
)
(/usr/share/texlive/texmf-dist/tex/generic/iftex/iftex.sty
Package: iftex 2022/02/03 v1.0f TeX engine tests
)
\headdp=\dimen140
\footheight=\dimen141
\sidebarheight=\dimen142
\beamer@tempdim=\dimen143
\beamer@finalheight=\dimen144
\beamer@animht=\dimen145
\beamer@animdp=\dimen146
\beamer@animwd=\dimen147
\beamer@leftmargin=\dimen148
\beamer@rightmargin=\dimen149
\beamer@leftsidebar=\dimen150
\beamer@rightsidebar=\dimen151
\beamer@boxsize=\dimen152
\beamer@vboxoffset=\dimen153
\beamer@descdefault=\dimen154
\beamer@descriptionwidth=\dimen155
\beamer@lastskip=\skip48
\beamer@areabox=\box54
\beamer@animcurrent=\box55
\beamer@animshowbox=\box56
\beamer@sectionbox=\box57
\beamer@logobox=\box58
\beamer@linebox=\box59
\beamer@sectioncount=\count191
\beamer@subsubsectionmax=\count192
\beamer@subsectionmax=\count193
\beamer@sectionmax=\count194
\beamer@totalheads=\count195
\beamer@headcounter=\count196
\beamer@partstartpage=\count197
\beamer@sectionstartpage=\count198
\beamer@subsectionstartpage=\count199
\beamer@animationtempa=\count266
\beamer@animationtempb=\count267
\beamer@xpos=\count268
\beamer@ypos=\count269
\beamer@ypos@offset=\count270
\beamer@showpartnumber=\count271
\beamer@currentsubsection=\count272
\beamer@coveringdepth=\count273
\beamer@sectionadjust=\count274
\beamer@toclastsection=\count275
\beamer@tocsectionnumber=\count276

(/usr/share/texlive/texmf-dist/tex/latex/beamer/beamerbaseoptions.sty
(/usr/share/texlive/texmf-dist/tex/latex/graphics/keyval.sty
Package: keyval 2022/05/29 v1.15 key=value parser (DPC)
\KV@toks@=\toks17
))
\beamer@paperwidth=\skip49
\beamer@paperheight=\skip50

(/usr/share/texlive/texmf-dist/tex/latex/geometry/geometry.sty
Package: geometry 2020/01/02 v5.9 Page Geometry

(/usr/share/texlive/texmf-dist/tex/generic/iftex/ifvtex.sty
Package: ifvtex 2019/10/25 v1.7 ifvtex legacy package. Use iftex instead.
)
\Gm@cnth=\count277
\Gm@cntv=\count278
\c@Gm@tempcnt=\count279
\Gm@bindingoffset=\dimen156
\Gm@wd@mp=\dimen157
\Gm@odd@mp=\dimen158
\Gm@even@mp=\dimen159
\Gm@layoutwidth=\dimen160
\Gm@layoutheight=\dimen161
\Gm@layouthoffset=\dimen162
\Gm@layoutvoffset=\dimen163
\Gm@dimlist=\toks18
)
(/usr/share/texlive/texmf-dist/tex/latex/pgf/math/pgfmath.sty
(/usr/share/texlive/texmf-dist/tex/latex/pgf/utilities/pgfrcs.sty
(/usr/share/texlive/texmf-dist/tex/generic/pgf/utilities/pgfutil-common.tex
\pgfutil@everybye=\toks19
\pgfutil@tempdima=\dimen164
\pgfutil@tempdimb=\dimen165
)
(/usr/share/texlive/texmf-dist/tex/generic/pgf/utilities/pgfutil-latex.def
\pgfutil@abb=\box60
)
(/usr/share/texlive/texmf-dist/tex/generic/pgf/utilities/pgfrcs.code.tex
(/usr/share/texlive/texmf-dist/tex/generic/pgf/pgf.revision.tex)
Package: pgfrcs 2023-01-15 v3.1.10 (3.1.10)
))
(/usr/share/texlive/texmf-dist/tex/latex/pgf/utilities/pgfkeys.sty
(/usr/share/texlive/texmf-dist/tex/generic/pgf/utilities/pgfkeys.code.tex
\pgfkeys@pathtoks=\toks20
\pgfkeys@temptoks=\toks21

(/usr/share/texlive/texmf-dist/tex/generic/pgf/utilities/pgfkeyslibraryfiltered
.code.tex
\pgfkeys@tmptoks=\toks22
)))
(/usr/share/texlive/texmf-dist/tex/generic/pgf/math/pgfmath.code.tex
(/usr/share/texlive/texmf-dist/tex/generic/pgf/math/pgfmathutil.code.tex
\pgf@x=\dimen166
\pgf@xa=\dimen167
\pgf@xb=\dimen168
\pgf@xc=\dimen169
\pgf@y=\dimen170
\pgf@ya=\dimen171
\pgf@yb=\dimen172
\pgf@yc=\dimen173
\c@pgf@counta=\count280
\c@pgf@countb=\count281
\c@pgf@countc=\count282
\c@pgf@countd=\count283
)
(/usr/share/texlive/texmf-dist/tex/generic/pgf/math/pgfmathparser.code.tex
\pgfmath@dimen=\dimen174
\pgfmath@count=\count284
\pgfmath@box=\box61
\pgfmath@toks=\toks23
\pgfmath@stack@operand=\toks24
\pgfmath@stack@operation=\toks25
)
(/usr/share/texlive/texmf-dist/tex/generic/pgf/math/pgfmathfunctions.code.tex)
(/usr/share/texlive/texmf-dist/tex/generic/pgf/math/pgfmathfunctions.basic.code
.tex)
(/usr/share/texlive/texmf-dist/tex/generic/pgf/math/pgfmathfunctions.trigonomet
ric.code.tex)
(/usr/share/texlive/texmf-dist/tex/generic/pgf/math/pgfmathfunctions.random.cod
e.tex)
(/usr/share/texlive/texmf-dist/tex/generic/pgf/math/pgfmathfunctions.comparison
.code.tex)
(/usr/share/texlive/texmf-dist/tex/generic/pgf/math/pgfmathfunctions.base.code.
tex)
(/usr/share/texlive/texmf-dist/tex/generic/pgf/math/pgfmathfunctions.round.code
.tex)
(/usr/share/texlive/texmf-dist/tex/generic/pgf/math/pgfmathfunctions.misc.code.
tex)
(/usr/share/texlive/texmf-dist/tex/generic/pgf/math/pgfmathfunctions.integerari
thmetics.code.tex)
(/usr/share/texlive/texmf-dist/tex/generic/pgf/math/pgfmathcalc.code.tex)
(/usr/share/texlive/texmf-dist/tex/generic/pgf/math/pgfmathfloat.code.tex
\c@pgfmathroundto@lastzeros=\count285
)))
(/usr/share/texlive/texmf-dist/tex/latex/base/size11.clo
File: size11.clo 2023/05/17 v1.4n Standard LaTeX file (size option)
)
(/usr/share/texlive/texmf-dist/tex/latex/pgf/basiclayer/pgfcore.sty
(/usr/share/texlive/texmf-dist/tex/latex/graphics/graphicx.sty
Package: graphicx 2021/09/16 v1.2d Enhanced LaTeX Graphics (DPC,SPQR)

(/usr/share/texlive/texmf-dist/tex/latex/graphics/graphics.sty
Package: graphics 2022/03/10 v1.4e Standard LaTeX Graphics (DPC,SPQR)

(/usr/share/texlive/texmf-dist/tex/latex/graphics/trig.sty
Package: trig 2021/08/11 v1.11 sin cos tan (DPC)
)
(/usr/share/texlive/texmf-dist/tex/latex/graphics-cfg/graphics.cfg
File: graphics.cfg 2016/06/04 v1.11 sample graphics configuration
)
Package graphics Info: Driver file: pdftex.def on input line 107.

(/usr/share/texlive/texmf-dist/tex/latex/graphics-def/pdftex.def
File: pdftex.def 2022/09/22 v1.2b Graphics/color driver for pdftex
))
\Gin@req@height=\dimen175
\Gin@req@width=\dimen176
)
(/usr/share/texlive/texmf-dist/tex/latex/pgf/systemlayer/pgfsys.sty
(/usr/share/texlive/texmf-dist/tex/generic/pgf/systemlayer/pgfsys.code.tex
Package: pgfsys 2023-01-15 v3.1.10 (3.1.10)
\pgf@x=\dimen177
\pgf@y=\dimen178
\pgf@xa=\dimen179
\pgf@ya=\dimen180
\pgf@xb=\dimen181
\pgf@yb=\dimen182
\pgf@xc=\dimen183
\pgf@yc=\dimen184
\pgf@xd=\dimen185
\pgf@yd=\dimen186
\w@pgf@writea=\write3
\r@pgf@reada=\read2
\c@pgf@counta=\count286
\c@pgf@countb=\count287
\c@pgf@countc=\count288
\c@pgf@countd=\count289
\t@pgf@toka=\toks26
\t@pgf@tokb=\toks27
\t@pgf@tokc=\toks28
\pgf@sys@id@count=\count290

(/usr/share/texlive/texmf-dist/tex/generic/pgf/systemlayer/pgf.cfg
File: pgf.cfg 2023-01-15 v3.1.10 (3.1.10)
)
Driver file for pgf: pgfsys-pdftex.def

(/usr/share/texlive/texmf-dist/tex/generic/pgf/systemlayer/pgfsys-pdftex.def
File: pgfsys-pdftex.def 2023-01-15 v3.1.10 (3.1.10)

(/usr/share/texlive/texmf-dist/tex/generic/pgf/systemlayer/pgfsys-common-pdf.de
f
File: pgfsys-common-pdf.def 2023-01-15 v3.1.10 (3.1.10)
)))
(/usr/share/texlive/texmf-dist/tex/generic/pgf/systemlayer/pgfsyssoftpath.code.
tex
File: pgfsyssoftpath.code.tex 2023-01-15 v3.1.10 (3.1.10)
\pgfsyssoftpath@smallbuffer@items=\count291
\pgfsyssoftpath@bigbuffer@items=\count292
)
(/usr/share/texlive/texmf-dist/tex/generic/pgf/systemlayer/pgfsysprotocol.code.
tex
File: pgfsysprotocol.code.tex 2023-01-15 v3.1.10 (3.1.10)
)) (/usr/share/texlive/texmf-dist/tex/latex/xcolor/xcolor.sty
Package: xcolor 2022/06/12 v2.14 LaTeX color extensions (UK)

(/usr/share/texlive/texmf-dist/tex/latex/graphics-cfg/color.cfg
File: color.cfg 2016/01/02 v1.6 sample color configuration
)
Package xcolor Info: Driver file: pdftex.def on input line 227.

(/usr/share/texlive/texmf-dist/tex/latex/graphics/mathcolor.ltx)
Package xcolor Info: Model `cmy' substituted by `cmy0' on input line 1353.
Package xcolor Info: Model `hsb' substituted by `rgb' on input line 1357.
Package xcolor Info: Model `RGB' extended on input line 1369.
Package xcolor Info: Model `HTML' substituted by `rgb' on input line 1371.
Package xcolor Info: Model `Hsb' substituted by `hsb' on input line 1372.
Package xcolor Info: Model `tHsb' substituted by `hsb' on input line 1373.
Package xcolor Info: Model `HSB' substituted by `hsb' on input line 1374.
Package xcolor Info: Model `Gray' substituted by `gray' on input line 1375.
Package xcolor Info: Model `wave' substituted by `hsb' on input line 1376.
)
(/usr/share/texlive/texmf-dist/tex/generic/pgf/basiclayer/pgfcore.code.tex
Package: pgfcore 2023-01-15 v3.1.10 (3.1.10)

(/usr/share/texlive/texmf-dist/tex/generic/pgf/math/pgfint.code.tex)
(/usr/share/texlive/texmf-dist/tex/generic/pgf/basiclayer/pgfcorepoints.code.te
x
File: pgfcorepoints.code.tex 2023-01-15 v3.1.10 (3.1.10)
\pgf@picminx=\dimen187
\pgf@picmaxx=\dimen188
\pgf@picminy=\dimen189
\pgf@picmaxy=\dimen190
\pgf@pathminx=\dimen191
\pgf@pathmaxx=\dimen192
\pgf@pathminy=\dimen193
\pgf@pathmaxy=\dimen194
\pgf@xx=\dimen195
\pgf@xy=\dimen196
\pgf@yx=\dimen197
\pgf@yy=\dimen198
\pgf@zx=\dimen199
\pgf@zy=\dimen256
)
(/usr/share/texlive/texmf-dist/tex/generic/pgf/basiclayer/pgfcorepathconstruct.
code.tex
File: pgfcorepathconstruct.code.tex 2023-01-15 v3.1.10 (3.1.10)
\pgf@path@lastx=\dimen257
\pgf@path@lasty=\dimen258
)
(/usr/share/texlive/texmf-dist/tex/generic/pgf/basiclayer/pgfcorepathusage.code
.tex
File: pgfcorepathusage.code.tex 2023-01-15 v3.1.10 (3.1.10)
\pgf@shorten@end@additional=\dimen259
\pgf@shorten@start@additional=\dimen260
)
(/usr/share/texlive/texmf-dist/tex/generic/pgf/basiclayer/pgfcorescopes.code.te
x
File: pgfcorescopes.code.tex 2023-01-15 v3.1.10 (3.1.10)
\pgfpic=\box62
\pgf@hbox=\box63
\pgf@layerbox@main=\box64
\pgf@picture@serial@count=\count293
)
(/usr/share/texlive/texmf-dist/tex/generic/pgf/basiclayer/pgfcoregraphicstate.c
ode.tex
File: pgfcoregraphicstate.code.tex 2023-01-15 v3.1.10 (3.1.10)
\pgflinewidth=\dimen261
)
(/usr/share/texlive/texmf-dist/tex/generic/pgf/basiclayer/pgfcoretransformation
s.code.tex
File: pgfcoretransformations.code.tex 2023-01-15 v3.1.10 (3.1.10)
\pgf@pt@x=\dimen262
\pgf@pt@y=\dimen263
\pgf@pt@temp=\dimen264
)
(/usr/share/texlive/texmf-dist/tex/generic/pgf/basiclayer/pgfcorequick.code.tex
File: pgfcorequick.code.tex 2023-01-15 v3.1.10 (3.1.10)
)
(/usr/share/texlive/texmf-dist/tex/generic/pgf/basiclayer/pgfcoreobjects.code.t
ex
File: pgfcoreobjects.code.tex 2023-01-15 v3.1.10 (3.1.10)
)
(/usr/share/texlive/texmf-dist/tex/generic/pgf/basiclayer/pgfcorepathprocessing
.code.tex
File: pgfcorepathprocessing.code.tex 2023-01-15 v3.1.10 (3.1.10)
)
(/usr/share/texlive/texmf-dist/tex/generic/pgf/basiclayer/pgfcorearrows.code.te
x
File: pgfcorearrows.code.tex 2023-01-15 v3.1.10 (3.1.10)
\pgfarrowsep=\dimen265
)
(/usr/share/texlive/texmf-dist/tex/generic/pgf/basiclayer/pgfcoreshade.code.tex
File: pgfcoreshade.code.tex 2023-01-15 v3.1.10 (3.1.10)
\pgf@max=\dimen266
\pgf@sys@shading@range@num=\count294
\pgf@shadingcount=\count295
)
(/usr/share/texlive/texmf-dist/tex/generic/pgf/basiclayer/pgfcoreimage.code.tex
File: pgfcoreimage.code.tex 2023-01-15 v3.1.10 (3.1.10)
)
(/usr/share/texlive/texmf-dist/tex/generic/pgf/basiclayer/pgfcoreexternal.code.
tex
File: pgfcoreexternal.code.tex 2023-01-15 v3.1.10 (3.1.10)
\pgfexternal@startupbox=\box65
)
(/usr/share/texlive/texmf-dist/tex/generic/pgf/basiclayer/pgfcorelayers.code.te
x
File: pgfcorelayers.code.tex 2023-01-15 v3.1.10 (3.1.10)
)
(/usr/share/texlive/texmf-dist/tex/generic/pgf/basiclayer/pgfcoretransparency.c
ode.tex
File: pgfcoretransparency.code.tex 2023-01-15 v3.1.10 (3.1.10)
)
(/usr/share/texlive/texmf-dist/tex/generic/pgf/basiclayer/pgfcorepatterns.code.
tex
File: pgfcorepatterns.code.tex 2023-01-15 v3.1.10 (3.1.10)
)
(/usr/share/texlive/texmf-dist/tex/generic/pgf/basiclayer/pgfcorerdf.code.tex
File: pgfcorerdf.code.tex 2023-01-15 v3.1.10 (3.1.10)
))) (/usr/share/texlive/texmf-dist/tex/latex/pgf/utilities/xxcolor.sty
Package: xxcolor 2003/10/24 ver 0.1
\XC@nummixins=\count296
\XC@countmixins=\count297
)
(/usr/share/texlive/texmf-dist/tex/latex/base/atbegshi-ltx.sty
Package: atbegshi-ltx 2021/01/10 v1.0c Emulation of the original atbegshi
package with kernel methods
)
(/usr/share/texlive/texmf-dist/tex/latex/hyperref/hyperref.sty
Package: hyperref 2023-05-16 v7.00y Hypertext links for LaTeX

(/usr/share/texlive/texmf-dist/tex/generic/ltxcmds/ltxcmds.sty
Package: ltxcmds 2020-05-10 v1.25 LaTeX kernel commands for general use (HO)
)
(/usr/share/texlive/texmf-dist/tex/generic/pdftexcmds/pdftexcmds.sty
Package: pdftexcmds 2020-06-27 v0.33 Utility functions of pdfTeX for LuaTeX (HO
)

(/usr/share/texlive/texmf-dist/tex/generic/infwarerr/infwarerr.sty
Package: infwarerr 2019/12/03 v1.5 Providing info/warning/error messages (HO)
)
Package pdftexcmds Info: \pdf@primitive is available.
Package pdftexcmds Info: \pdf@ifprimitive is available.
Package pdftexcmds Info: \pdfdraftmode found.
)
(/usr/share/texlive/texmf-dist/tex/latex/kvsetkeys/kvsetkeys.sty
Package: kvsetkeys 2022-10-05 v1.19 Key value parser (HO)
)
(/usr/share/texlive/texmf-dist/tex/generic/kvdefinekeys/kvdefinekeys.sty
Package: kvdefinekeys 2019-12-19 v1.6 Define keys (HO)
)
(/usr/share/texlive/texmf-dist/tex/generic/pdfescape/pdfescape.sty
Package: pdfescape 2019/12/09 v1.15 Implements pdfTeX's escape features (HO)
)
(/usr/share/texlive/texmf-dist/tex/latex/hycolor/hycolor.sty
Package: hycolor 2020-01-27 v1.10 Color options for hyperref/bookmark (HO)
)
(/usr/share/texlive/texmf-dist/tex/latex/letltxmacro/letltxmacro.sty
Package: letltxmacro 2019/12/03 v1.6 Let assignment for LaTeX macros (HO)
)
(/usr/share/texlive/texmf-dist/tex/latex/auxhook/auxhook.sty
Package: auxhook 2019-12-17 v1.6 Hooks for auxiliary files (HO)
)
(/usr/share/texlive/texmf-dist/tex/latex/hyperref/nameref.sty
Package: nameref 2023-05-16 v2.51 Cross-referencing by name of section

(/usr/share/texlive/texmf-dist/tex/latex/refcount/refcount.sty
Package: refcount 2019/12/15 v3.6 Data extraction from label references (HO)
)
(/usr/share/texlive/texmf-dist/tex/generic/gettitlestring/gettitlestring.sty
Package: gettitlestring 2019/12/15 v1.6 Cleanup title references (HO)

(/usr/share/texlive/texmf-dist/tex/latex/kvoptions/kvoptions.sty
Package: kvoptions 2022-06-15 v3.15 Key value format for package options (HO)
))
\c@section@level=\count298
)
\@linkdim=\dimen267
\Hy@linkcounter=\count299
\Hy@pagecounter=\count300

(/usr/share/texlive/texmf-dist/tex/latex/hyperref/pd1enc.def
File: pd1enc.def 2023-05-16 v7.00y Hyperref: PDFDocEncoding definition (HO)
Now handling font encoding PD1 ...
... no UTF-8 mapping file for font encoding PD1
)
(/usr/share/texlive/texmf-dist/tex/generic/intcalc/intcalc.sty
Package: intcalc 2019/12/15 v1.3 Expandable calculations with integers (HO)
)
\Hy@SavedSpaceFactor=\count301

(/usr/share/texlive/texmf-dist/tex/latex/hyperref/puenc.def
File: puenc.def 2023-05-16 v7.00y Hyperref: PDF Unicode definition (HO)
Now handling font encoding PU ...
... no UTF-8 mapping file for font encoding PU
)
Package hyperref Info: Option `bookmarks' set `true' on input line 4050.
Package hyperref Info: Option `bookmarksopen' set `true' on input line 4050.
Package hyperref Info: Option `implicit' set `false' on input line 4050.
Package hyperref Info: Hyper figures OFF on input line 4167.
Package hyperref Info: Link nesting OFF on input line 4172.
Package hyperref Info: Hyper index ON on input line 4175.
Package hyperref Info: Plain pages OFF on input line 4182.
Package hyperref Info: Backreferencing OFF on input line 4187.
Package hyperref Info: Implicit mode OFF; no redefinition of LaTeX internals.
Package hyperref Info: Bookmarks ON on input line 4434.
\c@Hy@tempcnt=\count302

(/usr/share/texlive/texmf-dist/tex/latex/url/url.sty
\Urlmuskip=\muskip16
Package: url 2013/09/16  ver 3.4  Verb mode for urls, etc.
)
LaTeX Info: Redefining \url on input line 4772.
\XeTeXLinkMargin=\dimen268

(/usr/share/texlive/texmf-dist/tex/generic/bitset/bitset.sty
Package: bitset 2019/12/09 v1.3 Handle bit-vector datatype (HO)

(/usr/share/texlive/texmf-dist/tex/generic/bigintcalc/bigintcalc.sty
Package: bigintcalc 2019/12/15 v1.5 Expandable calculations on big integers (HO
)
))
\Fld@menulength=\count303
\Field@Width=\dimen269
\Fld@charsize=\dimen270
Package hyperref Info: Hyper figures OFF on input line 6051.
Package hyperref Info: Link nesting OFF on input line 6056.
Package hyperref Info: Hyper index ON on input line 6059.
Package hyperref Info: backreferencing OFF on input line 6066.
Package hyperref Info: Link coloring OFF on input line 6071.
Package hyperref Info: Link coloring with OCG OFF on input line 6076.
Package hyperref Info: PDF/A mode OFF on input line 6081.
\Hy@abspage=\count304


Package hyperref Message: Stopped early.

)
Package hyperref Info: Driver (autodetected): hpdftex.
 (/usr/share/texlive/texmf-dist/tex/latex/hyperref/hpdftex.def
File: hpdftex.def 2023-05-16 v7.00y Hyperref driver for pdfTeX

(/usr/share/texlive/texmf-dist/tex/latex/base/atveryend-ltx.sty
Package: atveryend-ltx 2020/08/19 v1.0a Emulation of the original atveryend pac
kage
with kernel methods
)
\Fld@listcount=\count305
\c@bookmark@seq@number=\count306

(/usr/share/texlive/texmf-dist/tex/latex/rerunfilecheck/rerunfilecheck.sty
Package: rerunfilecheck 2022-07-10 v1.10 Rerun checks for auxiliary files (HO)

(/usr/share/texlive/texmf-dist/tex/generic/uniquecounter/uniquecounter.sty
Package: uniquecounter 2019/12/15 v1.4 Provide unlimited unique counter (HO)
)
Package uniquecounter Info: New unique counter `rerunfilecheck' on input line 2
85.
))
(/usr/share/texlive/texmf-dist/tex/latex/beamer/beamerbaserequires.sty
(/usr/share/texlive/texmf-dist/tex/latex/beamer/beamerbasecompatibility.sty)
(/usr/share/texlive/texmf-dist/tex/latex/beamer/beamerbasefont.sty
(/usr/share/texlive/texmf-dist/tex/latex/amsfonts/amssymb.sty
Package: amssymb 2013/01/14 v3.01 AMS font symbols

(/usr/share/texlive/texmf-dist/tex/latex/amsfonts/amsfonts.sty
Package: amsfonts 2013/01/14 v3.01 Basic AMSFonts support
\@emptytoks=\toks29
\symAMSa=\mathgroup4
\symAMSb=\mathgroup5
LaTeX Font Info:    Redeclaring math symbol \hbar on input line 98.
LaTeX Font Info:    Overwriting math alphabet `\mathfrak' in version `bold'
(Font)                  U/euf/m/n --> U/euf/b/n on input line 106.
))
(/usr/share/texlive/texmf-dist/tex/latex/sansmathaccent/sansmathaccent.sty
Package: sansmathaccent 2020/01/31

(/usr/share/texlive/texmf-dist/tex/latex/koma-script/scrlfile.sty
Package: scrlfile 2023/04/24 v3.40 KOMA-Script package (file load hooks)

(/usr/share/texlive/texmf-dist/tex/latex/koma-script/scrlfile-hook.sty
Package: scrlfile-hook 2023/04/24 v3.40 KOMA-Script package (using LaTeX hooks)


(/usr/share/texlive/texmf-dist/tex/latex/koma-script/scrlogo.sty
Package: scrlogo 2023/04/24 v3.40 KOMA-Script package (logo)
)))))
(/usr/share/texlive/texmf-dist/tex/latex/beamer/beamerbasetranslator.sty
(/usr/share/texlive/texmf-dist/tex/latex/translator/translator.sty
Package: translator 2021-05-31 v1.12d Easy translation of strings in LaTeX
))
(/usr/share/texlive/texmf-dist/tex/latex/beamer/beamerbasemisc.sty)
(/usr/share/texlive/texmf-dist/tex/latex/beamer/beamerbasetwoscreens.sty)
(/usr/share/texlive/texmf-dist/tex/latex/beamer/beamerbaseoverlay.sty
\beamer@argscount=\count307
\beamer@lastskipcover=\skip51
\beamer@trivlistdepth=\count308
)
(/usr/share/texlive/texmf-dist/tex/latex/beamer/beamerbasetitle.sty)
(/usr/share/texlive/texmf-dist/tex/latex/beamer/beamerbasesection.sty
\c@lecture=\count309
\c@part=\count310
\c@section=\count311
\c@subsection=\count312
\c@subsubsection=\count313
)
(/usr/share/texlive/texmf-dist/tex/latex/beamer/beamerbaseframe.sty
\beamer@framebox=\box66
\beamer@frametitlebox=\box67
\beamer@zoombox=\box68
\beamer@zoomcount=\count314
\beamer@zoomframecount=\count315
\beamer@frametextheight=\dimen271
\c@subsectionslide=\count316
\beamer@frametopskip=\skip52
\beamer@framebottomskip=\skip53
\beamer@frametopskipautobreak=\skip54
\beamer@framebottomskipautobreak=\skip55
\beamer@envbody=\toks30
\framewidth=\dimen272
\c@framenumber=\count317
)
(/usr/share/texlive/texmf-dist/tex/latex/beamer/beamerbaseverbatim.sty
\beamer@verbatimfileout=\write4
)
(/usr/share/texlive/texmf-dist/tex/latex/beamer/beamerbaseframesize.sty
\beamer@splitbox=\box69
\beamer@autobreakcount=\count318
\beamer@autobreaklastheight=\dimen273
\beamer@frametitletoks=\toks31
\beamer@framesubtitletoks=\toks32
)
(/usr/share/texlive/texmf-dist/tex/latex/beamer/beamerbaseframecomponents.sty
\beamer@footins=\box70
)
(/usr/share/texlive/texmf-dist/tex/latex/beamer/beamerbasecolor.sty)
(/usr/share/texlive/texmf-dist/tex/latex/beamer/beamerbasenotes.sty
\beamer@frameboxcopy=\box71
)
(/usr/share/texlive/texmf-dist/tex/latex/beamer/beamerbasetoc.sty)
(/usr/share/texlive/texmf-dist/tex/latex/beamer/beamerbasetemplates.sty
\beamer@sbttoks=\toks33

(/usr/share/texlive/texmf-dist/tex/latex/beamer/beamerbaseauxtemplates.sty
(/usr/share/texlive/texmf-dist/tex/latex/beamer/beamerbaseboxes.sty
\bmb@box=\box72
\bmb@colorbox=\box73
\bmb@boxwidth=\dimen274
\bmb@boxheight=\dimen275
\bmb@prevheight=\dimen276
\bmb@temp=\dimen277
\bmb@dima=\dimen278
\bmb@dimb=\dimen279
\bmb@prevheight=\dimen280
)
\beamer@blockheadheight=\dimen281
))
(/usr/share/texlive/texmf-dist/tex/latex/beamer/beamerbaselocalstructure.sty
(/usr/share/texlive/texmf-dist/tex/latex/tools/enumerate.sty
Package: enumerate 2015/07/23 v3.00 enumerate extensions (DPC)
\@enLab=\toks34
)
\beamer@bibiconwidth=\skip56
\c@figure=\count319
\c@table=\count320
\abovecaptionskip=\skip57
\belowcaptionskip=\skip58
)
(/usr/share/texlive/texmf-dist/tex/latex/beamer/beamerbasenavigation.sty
(/usr/share/texlive/texmf-dist/tex/latex/beamer/beamerbasenavigationsymbols.tex
)
\beamer@section@min@dim=\dimen282
) (/usr/share/texlive/texmf-dist/tex/latex/beamer/beamerbasetheorems.sty
(/usr/share/texlive/texmf-dist/tex/latex/amsmath/amsmath.sty
Package: amsmath 2023/05/13 v2.17o AMS math features
\@mathmargin=\skip59

For additional information on amsmath, use the `?' option.
(/usr/share/texlive/texmf-dist/tex/latex/amsmath/amstext.sty
Package: amstext 2021/08/26 v2.01 AMS text

(/usr/share/texlive/texmf-dist/tex/latex/amsmath/amsgen.sty
File: amsgen.sty 1999/11/30 v2.0 generic functions
\@emptytoks=\toks35
\ex@=\dimen283
))
(/usr/share/texlive/texmf-dist/tex/latex/amsmath/amsbsy.sty
Package: amsbsy 1999/11/29 v1.2d Bold Symbols
\pmbraise@=\dimen284
)
(/usr/share/texlive/texmf-dist/tex/latex/amsmath/amsopn.sty
Package: amsopn 2022/04/08 v2.04 operator names
)
\inf@bad=\count321
LaTeX Info: Redefining \frac on input line 234.
\uproot@=\count322
\leftroot@=\count323
LaTeX Info: Redefining \overline on input line 399.
LaTeX Info: Redefining \colon on input line 410.
\classnum@=\count324
\DOTSCASE@=\count325
LaTeX Info: Redefining \ldots on input line 496.
LaTeX Info: Redefining \dots on input line 499.
LaTeX Info: Redefining \cdots on input line 620.
\Mathstrutbox@=\box74
\strutbox@=\box75
LaTeX Info: Redefining \big on input line 722.
LaTeX Info: Redefining \Big on input line 723.
LaTeX Info: Redefining \bigg on input line 724.
LaTeX Info: Redefining \Bigg on input line 725.
\big@size=\dimen285
LaTeX Font Info:    Redeclaring font encoding OML on input line 743.
LaTeX Font Info:    Redeclaring font encoding OMS on input line 744.
\macc@depth=\count326
LaTeX Info: Redefining \bmod on input line 905.
LaTeX Info: Redefining \pmod on input line 910.
LaTeX Info: Redefining \smash on input line 940.
LaTeX Info: Redefining \relbar on input line 970.
LaTeX Info: Redefining \Relbar on input line 971.
\c@MaxMatrixCols=\count327
\dotsspace@=\muskip17
\c@parentequation=\count328
\dspbrk@lvl=\count329
\tag@help=\toks36
\row@=\count330
\column@=\count331
\maxfields@=\count332
\andhelp@=\toks37
\eqnshift@=\dimen286
\alignsep@=\dimen287
\tagshift@=\dimen288
\tagwidth@=\dimen289
\totwidth@=\dimen290
\lineht@=\dimen291
\@envbody=\toks38
\multlinegap=\skip60
\multlinetaggap=\skip61
\mathdisplay@stack=\toks39
LaTeX Info: Redefining \[ on input line 2953.
LaTeX Info: Redefining \] on input line 2954.
)
(/usr/share/texlive/texmf-dist/tex/latex/amscls/amsthm.sty
Package: amsthm 2020/05/29 v2.20.6
\thm@style=\toks40
\thm@bodyfont=\toks41
\thm@headfont=\toks42
\thm@notefont=\toks43
\thm@headpunct=\toks44
\thm@preskip=\skip62
\thm@postskip=\skip63
\thm@headsep=\skip64
\dth@everypar=\toks45
)
\c@theorem=\count333
)
(/usr/share/texlive/texmf-dist/tex/latex/beamer/beamerbasethemes.sty))
(/usr/share/texlive/texmf-dist/tex/latex/beamer/beamerthemedefault.sty
(/usr/share/texlive/texmf-dist/tex/latex/beamer/beamerfontthemedefault.sty)
(/usr/share/texlive/texmf-dist/tex/latex/beamer/beamercolorthemedefault.sty)
(/usr/share/texlive/texmf-dist/tex/latex/beamer/beamerinnerthemedefault.sty
\beamer@dima=\dimen292
\beamer@dimb=\dimen293
)
(/usr/share/texlive/texmf-dist/tex/latex/beamer/beamerouterthemedefault.sty)))
(./preamble.tex
(/usr/share/texlive/texmf-dist/tex/latex/beamer/beamerthemeWarsaw.sty
(/usr/share/texlive/texmf-dist/tex/latex/beamer/beamerinnerthemerounded.sty)
(/usr/share/texlive/texmf-dist/tex/latex/beamer/beamerouterthemeshadow.sty
(/usr/share/texlive/texmf-dist/tex/latex/beamer/beamerouterthemesplit.sty))
(/usr/share/texlive/texmf-dist/tex/latex/beamer/beamercolorthemeorchid.sty)
(/usr/share/texlive/texmf-dist/tex/latex/beamer/beamercolorthemewhale.sty))
(/usr/share/texlive/texmf-dist/tex/latex/listings/listings.sty
\lst@mode=\count334
\lst@gtempboxa=\box76
\lst@token=\toks46
\lst@length=\count335
\lst@currlwidth=\dimen294
\lst@column=\count336
\lst@pos=\count337
\lst@lostspace=\dimen295
\lst@width=\dimen296
\lst@newlines=\count338
\lst@lineno=\count339
\lst@maxwidth=\dimen297

(/usr/share/texlive/texmf-dist/tex/latex/listings/lstmisc.sty
File: lstmisc.sty 2023/02/27 1.9 (Carsten Heinz)
\c@lstnumber=\count340
\lst@skipnumbers=\count341
\lst@framebox=\box77
)
(/usr/share/texlive/texmf-dist/tex/latex/listings/listings.cfg
File: listings.cfg 2023/02/27 1.9 listings configuration
))
Package: listings 2023/02/27 1.9 (Carsten Heinz)
\sympureletters=\mathgroup6
LaTeX Font Info:    Overwriting symbol font `pureletters' in version `bold'
(Font)                  OT1/mathkerncmss/m/sl --> OT1/mathkerncmss/bx/sl on inp
ut line 31.

(/usr/share/texlive/texmf-dist/tex/latex/tools/bm.sty
Package: bm 2022/01/05 v1.2f Bold Symbol Support (DPC/FMi)
\symboldoperators=\mathgroup7
\symboldletters=\mathgroup8
\symboldsymbols=\mathgroup9
Package bm Info: No bold for \OMX/cmex/m/n, using \pmb.
Package bm Info: No bold for \U/msa/m/n, using \pmb.
Package bm Info: No bold for \U/msb/m/n, using \pmb.
\symboldpureletters=\mathgroup10
LaTeX Font Info:    Redeclaring math alphabet \mathbf on input line 149.
)
(/usr/share/texlive/texmf-dist/tex/latex/pgf/frontendlayer/tikz.sty
(/usr/share/texlive/texmf-dist/tex/latex/pgf/basiclayer/pgf.sty
Package: pgf 2023-01-15 v3.1.10 (3.1.10)

(/usr/share/texlive/texmf-dist/tex/generic/pgf/modules/pgfmoduleshapes.code.tex
File: pgfmoduleshapes.code.tex 2023-01-15 v3.1.10 (3.1.10)
\pgfnodeparttextbox=\box78
) (/usr/share/texlive/texmf-dist/tex/generic/pgf/modules/pgfmoduleplot.code.tex
File: pgfmoduleplot.code.tex 2023-01-15 v3.1.10 (3.1.10)
)
(/usr/share/texlive/texmf-dist/tex/latex/pgf/compatibility/pgfcomp-version-0-65
.sty
Package: pgfcomp-version-0-65 2023-01-15 v3.1.10 (3.1.10)
\pgf@nodesepstart=\dimen298
\pgf@nodesepend=\dimen299
)
(/usr/share/texlive/texmf-dist/tex/latex/pgf/compatibility/pgfcomp-version-1-18
.sty
Package: pgfcomp-version-1-18 2023-01-15 v3.1.10 (3.1.10)
)) (/usr/share/texlive/texmf-dist/tex/latex/pgf/utilities/pgffor.sty
(/usr/share/texlive/texmf-dist/tex/generic/pgf/utilities/pgffor.code.tex
Package: pgffor 2023-01-15 v3.1.10 (3.1.10)
\pgffor@iter=\dimen300
\pgffor@skip=\dimen301
\pgffor@stack=\toks47
\pgffor@toks=\toks48
))
(/usr/share/texlive/texmf-dist/tex/generic/pgf/frontendlayer/tikz/tikz.code.tex
Package: tikz 2023-01-15 v3.1.10 (3.1.10)

(/usr/share/texlive/texmf-dist/tex/generic/pgf/libraries/pgflibraryplothandlers
.code.tex
File: pgflibraryplothandlers.code.tex 2023-01-15 v3.1.10 (3.1.10)
\pgf@plot@mark@count=\count342
\pgfplotmarksize=\dimen302
)
\tikz@lastx=\dimen303
\tikz@lasty=\dimen304
\tikz@lastxsaved=\dimen305
\tikz@lastysaved=\dimen306
\tikz@lastmovetox=\dimen307
\tikz@lastmovetoy=\dimen308
\tikzleveldistance=\dimen309
\tikzsiblingdistance=\dimen310
\tikz@figbox=\box79
\tikz@figbox@bg=\box80
\tikz@tempbox=\box81
\tikz@tempbox@bg=\box82
\tikztreelevel=\count343
\tikznumberofchildren=\count344
\tikznumberofcurrentchild=\count345
\tikz@fig@count=\count346

(/usr/share/texlive/texmf-dist/tex/generic/pgf/modules/pgfmodulematrix.code.tex
File: pgfmodulematrix.code.tex 2023-01-15 v3.1.10 (3.1.10)
\pgfmatrixcurrentrow=\count347
\pgfmatrixcurrentcolumn=\count348
\pgf@matrix@numberofcolumns=\count349
)
\tikz@expandcount=\count350

(/usr/share/texlive/texmf-dist/tex/generic/pgf/frontendlayer/tikz/libraries/tik
zlibrarytopaths.code.tex
File: tikzlibrarytopaths.code.tex 2023-01-15 v3.1.10 (3.1.10)
))))
(/usr/share/texlive/texmf-dist/tex/latex/l3backend/l3backend-pdftex.def
File: l3backend-pdftex.def 2023-04-19 L3 backend support: PDF output (pdfTeX)
\l__color_backend_stack_int=\count351
\l__pdf_internal_box=\box83
)
(./slides.aux)
\openout1 = `slides.aux'.

LaTeX Font Info:    Checking defaults for OML/cmm/m/it on input line 9.
LaTeX Font Info:    ... okay on input line 9.
LaTeX Font Info:    Checking defaults for OMS/cmsy/m/n on input line 9.
LaTeX Font Info:    ... okay on input line 9.
LaTeX Font Info:    Checking defaults for OT1/cmr/m/n on input line 9.
LaTeX Font Info:    ... okay on input line 9.
LaTeX Font Info:    Checking defaults for T1/cmr/m/n on input line 9.
LaTeX Font Info:    ... okay on input line 9.
LaTeX Font Info:    Checking defaults for TS1/cmr/m/n on input line 9.
LaTeX Font Info:    ... okay on input line 9.
LaTeX Font Info:    Checking defaults for OMX/cmex/m/n on input line 9.
LaTeX Font Info:    ... okay on input line 9.
LaTeX Font Info:    Checking defaults for U/cmr/m/n on input line 9.
LaTeX Font Info:    ... okay on input line 9.
LaTeX Font Info:    Checking defaults for PD1/pdf/m/n on input line 9.
LaTeX Font Info:    ... okay on input line 9.
LaTeX Font Info:    Checking defaults for PU/pdf/m/n on input line 9.
LaTeX Font Info:    ... okay on input line 9.

*geometry* driver: auto-detecting
*geometry* detected driver: pdftex
*geometry* verbose mode - [ preamble ] result:
* driver: pdftex
* paper: custom
* layout: <same size as paper>
* layoutoffset:(h,v)=(0.0pt,0.0pt)
* modes: includehead includefoot 
* h-part:(L,W,R)=(28.45274pt, 307.28987pt, 28.45274pt)
* v-part:(T,H,B)=(0.0pt, 273.14662pt, 0.0pt)
* \paperwidth=364.19536pt
* \paperheight=273.14662pt
* \textwidth=307.28987pt
* \textheight=244.6939pt
* \oddsidemargin=-43.81725pt
* \evensidemargin=-43.81725pt
* \topmargin=-72.26999pt
* \headheight=14.22636pt
* \headsep=0.0pt
* \topskip=11.0pt
* \footskip=14.22636pt
* \marginparwidth=4.0pt
* \marginparsep=10.0pt
* \columnsep=10.0pt
* \skip\footins=10.0pt plus 4.0pt minus 2.0pt
* \hoffset=0.0pt
* \voffset=0.0pt
* \mag=1000
* \@twocolumnfalse
* \@twosidefalse
* \@mparswitchfalse
* \@reversemarginfalse
* (1in=72.27pt=25.4mm, 1cm=28.453pt)

(/usr/share/texlive/texmf-dist/tex/context/base/mkii/supp-pdf.mkii
[Loading MPS to PDF converter (version 2006.09.02).]
\scratchcounter=\count352
\scratchdimen=\dimen311
\scratchbox=\box84
\nofMPsegments=\count353
\nofMParguments=\count354
\everyMPshowfont=\toks49
\MPscratchCnt=\count355
\MPscratchDim=\dimen312
\MPnumerator=\count356
\makeMPintoPDFobject=\count357
\everyMPtoPDFconversion=\toks50
) (/usr/share/texlive/texmf-dist/tex/latex/epstopdf-pkg/epstopdf-base.sty
Package: epstopdf-base 2020-01-24 v2.11 Base part for package epstopdf
Package epstopdf-base Info: Redefining graphics rule for `.eps' on input line 4
85.

(/usr/share/texlive/texmf-dist/tex/latex/latexconfig/epstopdf-sys.cfg
File: epstopdf-sys.cfg 2010/07/13 v1.3 Configuration of (r)epstopdf for TeX Liv
e
))
Package hyperref Info: Link coloring OFF on input line 9.

(./slides.out) (./slides.out)
\@outlinefile=\write5
\openout5 = `slides.out'.

LaTeX Font Info:    Overwriting symbol font `operators' in version `normal'
(Font)                  OT1/cmr/m/n --> OT1/cmss/m/n on input line 9.
LaTeX Font Info:    Overwriting symbol font `operators' in version `bold'
(Font)                  OT1/cmr/bx/n --> OT1/cmss/b/n on input line 9.
\symnumbers=\mathgroup11
LaTeX Font Info:    Redeclaring symbol font `pureletters' on input line 9.
LaTeX Font Info:    Overwriting symbol font `pureletters' in version `normal'
(Font)                  OT1/mathkerncmss/m/sl --> OT1/cmss/m/it on input line 9
.
LaTeX Font Info:    Overwriting symbol font `pureletters' in version `bold'
(Font)                  OT1/mathkerncmss/bx/sl --> OT1/cmss/m/it on input line 
9.
LaTeX Font Info:    Overwriting math alphabet `\mathrm' in version `normal'
(Font)                  OT1/cmss/m/n --> OT1/cmr/m/n on input line 9.
LaTeX Font Info:    Redeclaring math alphabet \mathbf on input line 9.
LaTeX Font Info:    Redeclaring math alphabet \mathsf on input line 9.
LaTeX Font Info:    Overwriting math alphabet `\mathsf' in version `normal'
(Font)                  OT1/cmss/m/n --> OT1/cmss/m/n on input line 9.
LaTeX Font Info:    Overwriting math alphabet `\mathsf' in version `bold'
(Font)                  OT1/cmss/bx/n --> OT1/cmss/m/n on input line 9.
LaTeX Font Info:    Redeclaring math alphabet \mathit on input line 9.
LaTeX Font Info:    Overwriting math alphabet `\mathit' in version `normal'
(Font)                  OT1/cmr/m/it --> OT1/cmss/m/it on input line 9.
LaTeX Font Info:    Overwriting math alphabet `\mathit' in version `bold'
(Font)                  OT1/cmr/bx/it --> OT1/cmss/m/it on input line 9.
LaTeX Font Info:    Redeclaring math alphabet \mathtt on input line 9.
LaTeX Font Info:    Overwriting math alphabet `\mathtt' in version `normal'
(Font)                  OT1/cmtt/m/n --> OT1/cmtt/m/n on input line 9.
LaTeX Font Info:    Overwriting math alphabet `\mathtt' in version `bold'
(Font)                  OT1/cmtt/m/n --> OT1/cmtt/m/n on input line 9.
LaTeX Font Info:    Overwriting symbol font `numbers' in version `bold'
(Font)                  OT1/cmss/m/n --> OT1/cmss/b/n on input line 9.
LaTeX Font Info:    Overwriting symbol font `pureletters' in version `bold'
(Font)                  OT1/cmss/m/it --> OT1/cmss/b/it on input line 9.
LaTeX Font Info:    Overwriting math alphabet `\mathrm' in version `bold'
(Font)                  OT1/cmss/b/n --> OT1/cmr/b/n on input line 9.
LaTeX Font Info:    Overwriting math alphabet `\mathbf' in version `bold'
(Font)                  OT1/cmss/b/n --> OT1/cmss/b/n on input line 9.
LaTeX Font Info:    Overwriting math alphabet `\mathsf' in version `bold'
(Font)                  OT1/cmss/m/n --> OT1/cmss/b/n on input line 9.
LaTeX Font Info:    Overwriting math alphabet `\mathit' in version `bold'
(Font)                  OT1/cmss/m/it --> OT1/cmss/b/it on input line 9.
LaTeX Font Info:    Overwriting math alphabet `\mathtt' in version `bold'
(Font)                  OT1/cmtt/m/n --> OT1/cmtt/b/n on input line 9.
LaTeX Font Info:    Redeclaring symbol font `pureletters' on input line 9.
LaTeX Font Info:    Overwriting symbol font `pureletters' in version `normal'
(Font)                  OT1/cmss/m/it --> OT1/mathkerncmss/m/sl on input line 9
.
LaTeX Font Info:    Overwriting symbol font `pureletters' in version `bold'
(Font)                  OT1/cmss/b/it --> OT1/mathkerncmss/m/sl on input line 9
.
LaTeX Font Info:    Overwriting symbol font `pureletters' in version `bold'
(Font)                  OT1/mathkerncmss/m/sl --> OT1/mathkerncmss/bx/sl on inp
ut line 9.

(/usr/share/texlive/texmf-dist/tex/latex/translator/translator-basic-dictionary
-English.dict
Dictionary: translator-basic-dictionary, Language: English 
)
(/usr/share/texlive/texmf-dist/tex/latex/translator/translator-bibliography-dic
tionary-English.dict
Dictionary: translator-bibliography-dictionary, Language: English 
)
(/usr/share/texlive/texmf-dist/tex/latex/translator/translator-environment-dict
ionary-English.dict
Dictionary: translator-environment-dictionary, Language: English 
)
(/usr/share/texlive/texmf-dist/tex/latex/translator/translator-months-dictionar
y-English.dict
Dictionary: translator-months-dictionary, Language: English 
)
(/usr/share/texlive/texmf-dist/tex/latex/translator/translator-numbers-dictiona
ry-English.dict
Dictionary: translator-numbers-dictionary, Language: English 
)
(/usr/share/texlive/texmf-dist/tex/latex/translator/translator-theorem-dictiona
ry-English.dict
Dictionary: translator-theorem-dictionary, Language: English 
)
\c@lstlisting=\count358
 (./slides.nav)
Overfull \hbox (2.39282pt too wide) in paragraph at lines 9--9
 [][][][] [][]  
 []


Overfull \hbox (2.39282pt too wide) in paragraph at lines 11--11
 [][][][] [][]  
 []


Overfull \hbox (2.39282pt too wide) has occurred while \output is active
 [][][][] [][]  
 []

[1{/var/lib/texmf/fonts/map/pdftex/updmap/pdftex.map}

]
Overfull \hbox (2.39282pt too wide) in paragraph at lines 21--21
 [][][][] [][]  
 []


Overfull \hbox (2.39282pt too wide) has occurred while \output is active
 [][][][] [][]  
 []

[2

]
Overfull \hbox (2.39282pt too wide) in paragraph at lines 23--23
 [][][][] [][]  
 []

(./slides.toc)
Overfull \hbox (2.39282pt too wide) has occurred while \output is active
 [][][][] [][]  
 []

[3

]
Overfull \hbox (2.39282pt too wide) in paragraph at lines 33--33
 [][][][] [][]  
 []

<fig/air-quality-map.png, id=144, 659.46375pt x 528.97626pt>
File: fig/air-quality-map.png Graphic file (type png)
<use fig/air-quality-map.png>
Package pdftex.def Info: fig/air-quality-map.png  used on input line 33.
(pdftex.def)             Requested size: 153.64493pt x 123.24399pt.

Overfull \hbox (2.39282pt too wide) has occurred while \output is active
 [][][][] [][]  
 []

[4

 <./fig/air-quality-map.png>]
Overfull \hbox (2.39282pt too wide) in paragraph at lines 43--43
 [][][][] [][]  
 []

<fig/cloud-inpainting.png, id=167, 1087.06125pt x 655.44875pt>
File: fig/cloud-inpainting.png Graphic file (type png)
<use fig/cloud-inpainting.png>
Package pdftex.def Info: fig/cloud-inpainting.png  used on input line 43.
(pdftex.def)             Requested size: 153.64493pt x 92.63231pt.

Overfull \hbox (2.39282pt too wide) has occurred while \output is active
 [][][][] [][]  
 []

[5

 <./fig/cloud-inpainting.png>]
Overfull \hbox (2.39282pt too wide) in paragraph at lines 54--54
 [][][][] [][]  
 []

<fig/animal-sounds.png, id=188, 826.08624pt x 414.54875pt>
File: fig/animal-sounds.png Graphic file (type png)
<use fig/animal-sounds.png>
Package pdftex.def Info: fig/animal-sounds.png  used on input line 54.
(pdftex.def)             Requested size: 215.10196pt x 107.93826pt.

Overfull \hbox (2.39282pt too wide) has occurred while \output is active
 [][][][] [][]  
 []

[6

 <./fig/animal-sounds.png>]
Overfull \hbox (2.39282pt too wide) in paragraph at lines 65--65
 [][][][] [][]  
 []

<fig/graphcast.png, id=210, 858.20625pt x 573.14125pt>
File: fig/graphcast.png Graphic file (type png)
<use fig/graphcast.png>
Package pdftex.def Info: fig/graphcast.png  used on input line 65.
(pdftex.def)             Requested size: 184.3758pt x 123.12675pt.

Overfull \hbox (2.39282pt too wide) has occurred while \output is active
 [][][][] [][]  
 []

[7

 <./fig/graphcast.png>]
Overfull \hbox (2.39282pt too wide) in paragraph at lines 75--75
 [][][][] [][]  
 []

<fig/tree-segmentation.png, id=232, 584.1825pt x 569.12625pt>
File: fig/tree-segmentation.png Graphic file (type png)
<use fig/tree-segmentation.png>
Package pdftex.def Info: fig/tree-segmentation.png  used on input line 75.
(pdftex.def)             Requested size: 122.91406pt x 119.74582pt.

Overfull \hbox (2.39282pt too wide) has occurred while \output is active
 [][][][] [][]  
 []

[8

 <./fig/tree-segmentation.png>]
Overfull \hbox (2.39282pt too wide) in paragraph at lines 88--88
 [][][][] [][]  
 []


Overfull \hbox (2.39282pt too wide) has occurred while \output is active
 [][][][] [][]  
 []

[9

]
Overfull \hbox (2.39282pt too wide) in paragraph at lines 104--104
 [][][][] [][]  
 []


Overfull \hbox (2.39282pt too wide) has occurred while \output is active
 [][][][] [][]  
 []

[10

]
Overfull \hbox (2.39282pt too wide) in paragraph at lines 119--119
 [][][][] [][]  
 []


Overfull \hbox (2.39282pt too wide) has occurred while \output is active
 [][][][] [][]  
 []

[11

]
Overfull \hbox (2.39282pt too wide) in paragraph at lines 132--132
 [][][][] [][]  
 []

LaTeX Font Info:    Trying to load font information for U+msa on input line 132
.
(/usr/share/texlive/texmf-dist/tex/latex/amsfonts/umsa.fd
File: umsa.fd 2013/01/14 v3.01 AMS symbols A
)
LaTeX Font Info:    Trying to load font information for U+msb on input line 132
.

(/usr/share/texlive/texmf-dist/tex/latex/amsfonts/umsb.fd
File: umsb.fd 2013/01/14 v3.01 AMS symbols B
)
LaTeX Font Info:    Trying to load font information for OT1+mathkerncmss on inp
ut line 132.

(/usr/share/texlive/texmf-dist/tex/latex/sansmathaccent/ot1mathkerncmss.fd
File: ot1mathkerncmss.fd 2020/01/31 Fontinst v1.933 font definitions for OT1/ma
thkerncmss.
)
Overfull \hbox (2.39282pt too wide) has occurred while \output is active
 [][][][] [][]  
 []

[12

{/usr/share/texmf/fonts/enc/dvips/cm-super/cm-super-t1.enc}]
Overfull \hbox (2.39282pt too wide) in paragraph at lines 146--146
 [][][][] [][]  
 []


Overfull \hbox (2.39282pt too wide) has occurred while \output is active
 [][][][] [][]  
 []

[13

]
Overfull \hbox (2.39282pt too wide) in paragraph at lines 162--162
 [][][][] [][]  
 []


Overfull \hbox (2.39282pt too wide) has occurred while \output is active
 [][][][] [][]  
 []

[14

]
Overfull \hbox (2.39282pt too wide) in paragraph at lines 172--172
 [][][][] [][]  
 []


Overfull \hbox (2.39282pt too wide) has occurred while \output is active
 [][][][] [][]  
 []

[15

]
Overfull \hbox (2.39282pt too wide) in paragraph at lines 185--185
 [][][][] [][]  
 []


Overfull \hbox (2.39282pt too wide) has occurred while \output is active
 [][][][] [][]  
 []

[16

]
Overfull \hbox (2.39282pt too wide) in paragraph at lines 198--198
 [][][][] [][]  
 []

<fig/linreg-xy.png, id=418, 317.185pt x 335.2525pt>
File: fig/linreg-xy.png Graphic file (type png)
<use fig/linreg-xy.png>
Package pdftex.def Info: fig/linreg-xy.png  used on input line 198.
(pdftex.def)             Requested size: 86.04079pt x 90.93886pt.
<fig/linreg-xyplot1.png, id=419, 397.485pt x 419.5675pt>
File: fig/linreg-xyplot1.png Graphic file (type png)
<use fig/linreg-xyplot1.png>
Package pdftex.def Info: fig/linreg-xyplot1.png  used on input line 198.
(pdftex.def)             Requested size: 92.1879pt x 97.30515pt.
<fig/linreg-thetaheatmap.png, id=420, 595.22375pt x 438.63875pt>
File: fig/linreg-thetaheatmap.png Graphic file (type png)
<use fig/linreg-thetaheatmap.png>
Package pdftex.def Info: fig/linreg-thetaheatmap.png  used on input line 198.
(pdftex.def)             Requested size: 113.69574pt x 83.78397pt.
<fig/linreg-xyplot2.png, id=421, 507.8975pt x 412.54124pt>
File: fig/linreg-xyplot2.png Graphic file (type png)
<use fig/linreg-xyplot2.png>
Package pdftex.def Info: fig/linreg-xyplot2.png  used on input line 198.
(pdftex.def)             Requested size: 107.55333pt x 87.36012pt.
<fig/linreg-xyyhat.png, id=422, 395.4775pt x 419.5675pt>
File: fig/linreg-xyyhat.png Graphic file (type png)
<use fig/linreg-xyyhat.png>
Package pdftex.def Info: fig/linreg-xyyhat.png  used on input line 198.
(pdftex.def)             Requested size: 76.82246pt x 81.49843pt.

Overfull \hbox (2.39282pt too wide) has occurred while \output is active
 [][][][] [][]  
 []

[17

 <./fig/linreg-xy.png> <./fig/linreg-xyplot1.png> <./fig/linreg-thetaheatmap.pn
g> <./fig/linreg-xyplot2.png> <./fig/linreg-xyyhat.png>]
Overfull \hbox (2.39282pt too wide) in paragraph at lines 200--200
 [][][][] [][]  
 []

\openout4 = `slides.vrb'.


Overfull \hbox (2.39282pt too wide) in paragraph at lines 205--205
 [][][][] [][]  
 []

(./slides.vrb
<fig/sklearn.png, id=454, 1396.21625pt x 821.0675pt>
File: fig/sklearn.png Graphic file (type png)
<use fig/sklearn.png>
Package pdftex.def Info: fig/sklearn.png  used on input line 4.
(pdftex.def)             Requested size: 307.28987pt x 180.69804pt.
)
Overfull \hbox (2.39282pt too wide) has occurred while \output is active
 [][][][] [][]  
 []

[18

 <./fig/sklearn.png>]
Overfull \hbox (2.39282pt too wide) in paragraph at lines 208--208
 [][][][] [][]  
 []

\openout4 = `slides.vrb'.


Overfull \hbox (2.39282pt too wide) in paragraph at lines 239--239
 [][][][] [][]  
 []

(./slides.vrb (/usr/share/texlive/texmf-dist/tex/latex/listings/lstlang1.sty
File: lstlang1.sty 2023/02/27 1.9 listings language file
))
Overfull \hbox (2.39282pt too wide) has occurred while \output is active
 [][][][] [][]  
 []

[19

]
Overfull \hbox (2.39282pt too wide) in paragraph at lines 251--251
 [][][][] [][]  
 []


Overfull \hbox (2.39282pt too wide) has occurred while \output is active
 [][][][] [][]  
 []

[20

]
Overfull \hbox (2.39282pt too wide) in paragraph at lines 265--265
 [][][][] [][]  
 []


Overfull \hbox (2.39282pt too wide) has occurred while \output is active
 [][][][] [][]  
 []

[21

]
Overfull \hbox (2.39282pt too wide) in paragraph at lines 281--281
 [][][][] [][]  
 []


Overfull \hbox (2.39282pt too wide) has occurred while \output is active
 [][][][] [][]  
 []

[22

]
Overfull \hbox (2.39282pt too wide) in paragraph at lines 286--286
 [][][][] [][]  
 []


Overfull \hbox (2.39282pt too wide) has occurred while \output is active
 [][][][] [][]  
 []

[23

]
Overfull \hbox (2.39282pt too wide) in paragraph at lines 297--297
 [][][][] [][]  
 []


Overfull \hbox (2.39282pt too wide) has occurred while \output is active
 [][][][] [][]  
 []

[24

]
Overfull \hbox (2.39282pt too wide) in paragraph at lines 311--311
 [][][][] [][]  
 []

<fig/knn-data.png, id=601, 584.1825pt x 449.68pt>
File: fig/knn-data.png Graphic file (type png)
<use fig/knn-data.png>
Package pdftex.def Info: fig/knn-data.png  used on input line 311.
(pdftex.def)             Requested size: 122.91406pt x 94.61398pt.
<fig/knn-k5surface.png, id=602, 584.1825pt x 449.68pt>
File: fig/knn-k5surface.png Graphic file (type png)
<use fig/knn-k5surface.png>
Package pdftex.def Info: fig/knn-k5surface.png  used on input line 311.
(pdftex.def)             Requested size: 122.91406pt x 94.61398pt.

Overfull \hbox (2.39282pt too wide) has occurred while \output is active
 [][][][] [][]  
 []

[25

 <./fig/knn-data.png> <./fig/knn-k5surface.png>]
Overfull \hbox (2.39282pt too wide) in paragraph at lines 323--323
 [][][][] [][]  
 []

File: fig/knn-data.png Graphic file (type png)
<use fig/knn-data.png>
Package pdftex.def Info: fig/knn-data.png  used on input line 323.
(pdftex.def)             Requested size: 92.1879pt x 70.9622pt.
<fig/knn-kdependence.png, id=625, 984.67876pt x 164.615pt>
File: fig/knn-kdependence.png Graphic file (type png)
<use fig/knn-kdependence.png>
Package pdftex.def Info: fig/knn-kdependence.png  used on input line 323.
(pdftex.def)             Requested size: 276.559pt x 46.23505pt.

Overfull \hbox (2.39282pt too wide) has occurred while \output is active
 [][][][] [][]  
 []

[26

 <./fig/knn-kdependence.png>]
Overfull \hbox (2.39282pt too wide) in paragraph at lines 347--347
 [][][][] [][]  
 []

<fig/knn-cvloss.png, id=646, 584.1825pt x 449.68pt>
File: fig/knn-cvloss.png Graphic file (type png)
<use fig/knn-cvloss.png>
Package pdftex.def Info: fig/knn-cvloss.png  used on input line 347.
(pdftex.def)             Requested size: 153.64493pt x 118.26576pt.

Overfull \hbox (2.39282pt too wide) has occurred while \output is active
 [][][][] [][]  
 []

[27

 <./fig/knn-cvloss.png>]
Overfull \hbox (2.39282pt too wide) in paragraph at lines 358--358
 [][][][] [][]  
 []


Overfull \hbox (2.39282pt too wide) has occurred while \output is active
 [][][][] [][]  
 []

[28

]
Overfull \hbox (2.39282pt too wide) in paragraph at lines 373--373
 [][][][] [][]  
 []


Overfull \hbox (2.39282pt too wide) has occurred while \output is active
 [][][][] [][]  
 []

[29

]
Overfull \hbox (2.39282pt too wide) in paragraph at lines 376--376
 [][][][] [][]  
 []

(./slides.toc)
Overfull \hbox (2.39282pt too wide) has occurred while \output is active
 [][][][] [][]  
 []

[30

]
Overfull \hbox (2.39282pt too wide) in paragraph at lines 386--386
 [][][][] [][]  
 []


Overfull \hbox (2.39282pt too wide) has occurred while \output is active
 [][][][] [][]  
 []

[31

]
Overfull \hbox (2.39282pt too wide) in paragraph at lines 402--402
 [][][][] [][]  
 []

<fig/tree-simpleexample.png, id=745, 583.17876pt x 492.84125pt>
File: fig/tree-simpleexample.png Graphic file (type png)
<use fig/tree-simpleexample.png>
Package pdftex.def Info: fig/tree-simpleexample.png  used on input line 402.
(pdftex.def)             Requested size: 153.64493pt x 129.84276pt.
<fig/tree-graph.png, id=746, 886.31125pt x 720.6925pt>
File: fig/tree-graph.png Graphic file (type png)
<use fig/tree-graph.png>
Package pdftex.def Info: fig/tree-graph.png  used on input line 402.
(pdftex.def)             Requested size: 122.9164pt x 99.93953pt.

Overfull \hbox (2.39282pt too wide) has occurred while \output is active
 [][][][] [][]  
 []

[32

 <./fig/tree-simpleexample.png> <./fig/tree-graph.png>]
Overfull \hbox (2.39282pt too wide) in paragraph at lines 416--416
 [][][][] [][]  
 []


Overfull \hbox (2.39282pt too wide) has occurred while \output is active
 [][][][] [][]  
 []

[33

]
Overfull \hbox (2.39282pt too wide) in paragraph at lines 422--422
 [][][][] [][]  
 []

\openout4 = `slides.vrb'.


Overfull \hbox (2.39282pt too wide) in paragraph at lines 435--435
 [][][][] [][]  
 []

(./slides.vrb)
Overfull \hbox (2.39282pt too wide) has occurred while \output is active
 [][][][] [][]  
 []

[34

]
Overfull \hbox (2.39282pt too wide) in paragraph at lines 440--440
 [][][][] [][]  
 []


Overfull \hbox (2.39282pt too wide) has occurred while \output is active
 [][][][] [][]  
 []

[35

]
Overfull \hbox (2.39282pt too wide) in paragraph at lines 443--443
 [][][][] [][]  
 []

\openout4 = `slides.vrb'.


Overfull \hbox (2.39282pt too wide) in paragraph at lines 465--465
 [][][][] [][]  
 []

(./slides.vrb
<fig/tree-vis.png, id=830, 1200.485pt x 483.8075pt>
File: fig/tree-vis.png Graphic file (type png)
<use fig/tree-vis.png>
Package pdftex.def Info: fig/tree-vis.png  used on input line 21.
(pdftex.def)             Requested size: 184.3758pt x 74.30283pt.
)
Overfull \hbox (2.39282pt too wide) has occurred while \output is active
 [][][][] [][]  
 []

[36

 <./fig/tree-vis.png>]
Overfull \hbox (2.39282pt too wide) in paragraph at lines 486--486
 [][][][] [][]  
 []

<fig/impurity-sketch.png, id=849, 960.58875pt x 829.0975pt>
File: fig/impurity-sketch.png Graphic file (type png)
<use fig/impurity-sketch.png>
Package pdftex.def Info: fig/impurity-sketch.png  used on input line 486.
(pdftex.def)             Requested size: 122.91406pt x 106.07857pt.

Overfull \hbox (2.39282pt too wide) has occurred while \output is active
 [][][][] [][]  
 []

[37

 <./fig/impurity-sketch.png>]
Overfull \hbox (2.39282pt too wide) in paragraph at lines 497--497
 [][][][] [][]  
 []


Overfull \hbox (2.39282pt too wide) has occurred while \output is active
 [][][][] [][]  
 []

[38

]
Overfull \hbox (2.39282pt too wide) in paragraph at lines 509--509
 [][][][] [][]  
 []

<fig/tree-scatter.png, id=886, 693.59125pt x 288.07625pt>
File: fig/tree-scatter.png Graphic file (type png)
<use fig/tree-scatter.png>
Package pdftex.def Info: fig/tree-scatter.png  used on input line 509.
(pdftex.def)             Requested size: 153.64493pt x 63.81213pt.
<fig/tree-informationgain.png, id=887, 693.59125pt x 398.48875pt>
File: fig/tree-informationgain.png Graphic file (type png)
<use fig/tree-informationgain.png>
Package pdftex.def Info: fig/tree-informationgain.png  used on input line 509.
(pdftex.def)             Requested size: 153.64493pt x 88.26976pt.
<fig/tree-histalldata.png, id=888, 693.59125pt x 291.0875pt>
File: fig/tree-histalldata.png Graphic file (type png)
<use fig/tree-histalldata.png>
Package pdftex.def Info: fig/tree-histalldata.png  used on input line 509.
(pdftex.def)             Requested size: 153.64493pt x 64.47916pt.
<fig/tree-histsplit.png, id=889, 693.59125pt x 394.47375pt>
File: fig/tree-histsplit.png Graphic file (type png)
<use fig/tree-histsplit.png>
Package pdftex.def Info: fig/tree-histsplit.png  used on input line 509.
(pdftex.def)             Requested size: 153.64493pt x 87.38039pt.

Overfull \hbox (2.39282pt too wide) has occurred while \output is active
 [][][][] [][]  
 []

[39

 <./fig/tree-scatter.png> <./fig/tree-informationgain.png> <./fig/tree-histalld
ata.png> <./fig/tree-histsplit.png>]
Overfull \hbox (2.39282pt too wide) in paragraph at lines 528--528
 [][][][] [][]  
 []


Overfull \hbox (2.39282pt too wide) has occurred while \output is active
 [][][][] [][]  
 []

[40

]
Overfull \hbox (2.39282pt too wide) in paragraph at lines 532--532
 [][][][] [][]  
 []

\openout4 = `slides.vrb'.


Overfull \hbox (2.39282pt too wide) in paragraph at lines 544--544
 [][][][] [][]  
 []

(./slides.vrb)
Overfull \hbox (2.39282pt too wide) has occurred while \output is active
 [][][][] [][]  
 []

[41

]
Overfull \hbox (2.39282pt too wide) in paragraph at lines 560--560
 [][][][] [][]  
 []


Overfull \hbox (2.39282pt too wide) has occurred while \output is active
 [][][][] [][]  
 []

[42

]
Overfull \hbox (2.39282pt too wide) in paragraph at lines 571--571
 [][][][] [][]  
 []


Overfull \hbox (2.39282pt too wide) has occurred while \output is active
 [][][][] [][]  
 []

[43

]
Overfull \hbox (2.39282pt too wide) in paragraph at lines 583--583
 [][][][] [][]  
 []


Overfull \hbox (2.39282pt too wide) has occurred while \output is active
 [][][][] [][]  
 []

[44

]
Overfull \hbox (2.39282pt too wide) in paragraph at lines 594--594
 [][][][] [][]  
 []


Overfull \hbox (2.39282pt too wide) has occurred while \output is active
 [][][][] [][]  
 []

[45

]
Overfull \hbox (2.39282pt too wide) in paragraph at lines 603--603
 [][][][] [][]  
 []


Overfull \hbox (2.39282pt too wide) has occurred while \output is active
 [][][][] [][]  
 []

[46

]
Overfull \hbox (2.39282pt too wide) in paragraph at lines 613--613
 [][][][] [][]  
 []


Overfull \hbox (2.39282pt too wide) has occurred while \output is active
 [][][][] [][]  
 []

[47

]
Overfull \hbox (2.39282pt too wide) in paragraph at lines 622--622
 [][][][] [][]  
 []


Overfull \hbox (2.39282pt too wide) has occurred while \output is active
 [][][][] [][]  
 []

[48

]
Overfull \hbox (2.39282pt too wide) in paragraph at lines 626--626
 [][][][] [][]  
 []

(./slides.toc)
Overfull \hbox (2.39282pt too wide) has occurred while \output is active
 [][][][] [][]  
 []

[49

]
Overfull \hbox (2.39282pt too wide) in paragraph at lines 641--641
 [][][][] [][]  
 []


Overfull \hbox (2.39282pt too wide) has occurred while \output is active
 [][][][] [][]  
 []

[50

]
Overfull \hbox (2.39282pt too wide) in paragraph at lines 656--656
 [][][][] [][]  
 []

<fig/nn-activations.png, id=1105, 272.217pt x 208.3785pt>
File: fig/nn-activations.png Graphic file (type png)
<use fig/nn-activations.png>
Package pdftex.def Info: fig/nn-activations.png  used on input line 656.
(pdftex.def)             Requested size: 153.64493pt x 117.61641pt.

Overfull \hbox (2.39282pt too wide) has occurred while \output is active
 [][][][] [][]  
 []

[51

 <./fig/nn-activations.png>]
Overfull \hbox (2.39282pt too wide) in paragraph at lines 667--667
 [][][][] [][]  
 []

<fig/nn-single-layer-perceptron.png, id=1121, 781.92125pt x 543.02875pt>
File: fig/nn-single-layer-perceptron.png Graphic file (type png)
<use fig/nn-single-layer-perceptron.png>
Package pdftex.def Info: fig/nn-single-layer-perceptron.png  used on input line
 667.
(pdftex.def)             Requested size: 153.64493pt x 106.69804pt.

Overfull \hbox (2.39282pt too wide) has occurred while \output is active
 [][][][] [][]  
 []

[52

 <./fig/nn-single-layer-perceptron.png>]
Overfull \hbox (2.39282pt too wide) in paragraph at lines 675--675
 [][][][] [][]  
 []

<fig/nn-randomrelu1d.png, id=1136, 860.013pt x 208.6194pt>
File: fig/nn-randomrelu1d.png Graphic file (type png)
<use fig/nn-randomrelu1d.png>
Package pdftex.def Info: fig/nn-randomrelu1d.png  used on input line 675.
(pdftex.def)             Requested size: 215.10196pt x 52.177pt.
<fig/nn-randomrelu2d.png, id=1137, 860.013pt x 296.307pt>
File: fig/nn-randomrelu2d.png Graphic file (type png)
<use fig/nn-randomrelu2d.png>
Package pdftex.def Info: fig/nn-randomrelu2d.png  used on input line 675.
(pdftex.def)             Requested size: 215.10196pt x 74.10822pt.

Overfull \hbox (2.39282pt too wide) has occurred while \output is active
 [][][][] [][]  
 []

[53

 <./fig/nn-randomrelu1d.png> <./fig/nn-randomrelu2d.png>]
Overfull \hbox (2.39282pt too wide) in paragraph at lines 685--685
 [][][][] [][]  
 []


Overfull \hbox (2.39282pt too wide) has occurred while \output is active
 [][][][] [][]  
 []

[54

]
Overfull \hbox (2.39282pt too wide) in paragraph at lines 688--688
 [][][][] [][]  
 []


Overfull \hbox (2.39282pt too wide) has occurred while \output is active
 [][][][] [][]  
 []

[55

]
Overfull \hbox (2.39282pt too wide) in paragraph at lines 692--692
 [][][][] [][]  
 []


Overfull \hbox (2.39282pt too wide) has occurred while \output is active
 [][][][] [][]  
 []

[56

]
Overfull \hbox (2.39282pt too wide) in paragraph at lines 696--696
 [][][][] [][]  
 []


Overfull \hbox (2.39282pt too wide) has occurred while \output is active
 [][][][] [][]  
 []

[57

]
Overfull \hbox (2.39282pt too wide) in paragraph at lines 699--699
 [][][][] [][]  
 []


Overfull \hbox (2.39282pt too wide) has occurred while \output is active
 [][][][] [][]  
 []

[58

]
Overfull \hbox (2.39282pt too wide) in paragraph at lines 704--704
 [][][][] [][]  
 []


Overfull \hbox (2.39282pt too wide) has occurred while \output is active
 [][][][] [][]  
 []

[59

]
Overfull \hbox (2.39282pt too wide) in paragraph at lines 707--707
 [][][][] [][]  
 []


Overfull \hbox (2.39282pt too wide) has occurred while \output is active
 [][][][] [][]  
 []

[60

]
Overfull \hbox (2.39282pt too wide) in paragraph at lines 710--710
 [][][][] [][]  
 []


Overfull \hbox (2.39282pt too wide) has occurred while \output is active
 [][][][] [][]  
 []

[61

]
Overfull \hbox (2.39282pt too wide) in paragraph at lines 714--714
 [][][][] [][]  
 []


Overfull \hbox (2.39282pt too wide) has occurred while \output is active
 [][][][] [][]  
 []

[62

]
Overfull \hbox (2.39282pt too wide) in paragraph at lines 718--718
 [][][][] [][]  
 []


Overfull \hbox (2.39282pt too wide) has occurred while \output is active
 [][][][] [][]  
 []

[63

]
Overfull \hbox (2.39282pt too wide) in paragraph at lines 722--722
 [][][][] [][]  
 []


Overfull \hbox (2.39282pt too wide) has occurred while \output is active
 [][][][] [][]  
 []

[64

]
Overfull \hbox (2.39282pt too wide) in paragraph at lines 726--726
 [][][][] [][]  
 []


Overfull \hbox (2.39282pt too wide) has occurred while \output is active
 [][][][] [][]  
 []

[65

]
Overfull \hbox (2.39282pt too wide) in paragraph at lines 729--729
 [][][][] [][]  
 []


Overfull \hbox (2.39282pt too wide) has occurred while \output is active
 [][][][] [][]  
 []

[66

]
Overfull \hbox (2.39282pt too wide) in paragraph at lines 732--732
 [][][][] [][]  
 []


Overfull \hbox (2.39282pt too wide) has occurred while \output is active
 [][][][] [][]  
 []

[67

]
Overfull \hbox (2.39282pt too wide) in paragraph at lines 735--735
 [][][][] [][]  
 []


Overfull \hbox (2.39282pt too wide) has occurred while \output is active
 [][][][] [][]  
 []

[68

]
Overfull \hbox (2.39282pt too wide) in paragraph at lines 738--738
 [][][][] [][]  
 []


Overfull \hbox (2.39282pt too wide) has occurred while \output is active
 [][][][] [][]  
 []

[69

]
Overfull \hbox (2.39282pt too wide) in paragraph at lines 741--741
 [][][][] [][]  
 []


Overfull \hbox (2.39282pt too wide) has occurred while \output is active
 [][][][] [][]  
 []

[70

]
Overfull \hbox (2.39282pt too wide) in paragraph at lines 744--744
 [][][][] [][]  
 []


Overfull \hbox (2.39282pt too wide) has occurred while \output is active
 [][][][] [][]  
 []

[71

]
Overfull \hbox (2.39282pt too wide) in paragraph at lines 754--754
 [][][][] [][]  
 []


Overfull \hbox (2.39282pt too wide) has occurred while \output is active
 [][][][] [][]  
 []

[72

]
\tf@nav=\write6
\openout6 = `slides.nav'.

\tf@toc=\write7
\openout7 = `slides.toc'.

\tf@snm=\write8
\openout8 = `slides.snm'.

 (./slides.aux)
 ***********
LaTeX2e <2023-06-01>
L3 programming layer <2023-06-05>
 ***********
Package rerunfilecheck Info: File `slides.out' has not changed.
(rerunfilecheck)             Checksum: 21B21A123EEE547BB5C0B945B3A18827;1115.
 ) 
Here is how much of TeX's memory you used:
 27293 strings out of 475735
 528743 string characters out of 5784786
 2048759 words of memory out of 5000000
 47328 multiletter control sequences out of 15000+600000
 537105 words of font info for 105 fonts, out of 8000000 for 9000
 1141 hyphenation exceptions out of 8191
 128i,19n,123p,428b,1392s stack positions out of 10000i,1000n,20000p,200000b,200000s
</usr/share/texlive/texmf-dist/fonts/type1/public/amsfonts/cm/cmex10.pfb></us
r/share/texlive/texmf-dist/fonts/type1/public/amsfonts/cm/cmmi10.pfb></usr/shar
e/texlive/texmf-dist/fonts/type1/public/amsfonts/cm/cmmi7.pfb></usr/share/texli
ve/texmf-dist/fonts/type1/public/amsfonts/cm/cmmi8.pfb></usr/share/texlive/texm
f-dist/fonts/type1/public/amsfonts/cm/cmmib10.pfb></usr/share/texlive/texmf-dis
t/fonts/type1/public/amsfonts/cmextra/cmmib8.pfb></usr/share/texlive/texmf-dist
/fonts/type1/public/amsfonts/cm/cmr10.pfb></usr/share/texlive/texmf-dist/fonts/
type1/public/amsfonts/cm/cmss10.pfb></usr/share/texlive/texmf-dist/fonts/type1/
public/amsfonts/cm/cmss12.pfb></usr/share/texlive/texmf-dist/fonts/type1/public
/amsfonts/cm/cmss8.pfb></usr/share/texlive/texmf-dist/fonts/type1/public/amsfon
ts/cm/cmssbx10.pfb></usr/share/texlive/texmf-dist/fonts/type1/public/amsfonts/c
m/cmssi10.pfb></usr/share/texlive/texmf-dist/fonts/type1/public/amsfonts/cm/cms
si8.pfb></usr/share/texlive/texmf-dist/fonts/type1/public/amsfonts/cm/cmsy10.pf
b></usr/share/texlive/texmf-dist/fonts/type1/public/amsfonts/cm/cmsy7.pfb></usr
/share/texlive/texmf-dist/fonts/type1/public/amsfonts/cm/cmsy8.pfb></usr/share/
texlive/texmf-dist/fonts/type1/public/amsfonts/cm/cmtt10.pfb></usr/share/texliv
e/texmf-dist/fonts/type1/public/amsfonts/cm/cmtt12.pfb></usr/share/texlive/texm
f-dist/fonts/type1/public/amsfonts/cm/cmtt8.pfb></usr/share/texlive/texmf-dist/
fonts/type1/public/amsfonts/symbols/msbm10.pfb></usr/share/texmf/fonts/type1/pu
blic/cm-super/sfso1000.pfb>
Output written on slides.pdf (72 pages, 4983842 bytes).
PDF statistics:
 1525 PDF objects out of 1728 (max. 8388607)
 884 compressed objects within 9 object streams
 153 named destinations out of 1000 (max. 500000)
 320 words of extra memory for PDF output out of 10000 (max. 10000000)

